<?xml version="1.0" encoding="UTF-8"?>
<!-- Generated by org.testng.reporters.JUnitXMLReporter -->
<testsuite ignored="0" hostname="LAPTOP-5JSNQUS7" failures="0" tests="3" name="Open Cart Login Page Test" time="71.669" errors="0" timestamp="2024-04-23T10:40:10 IST">
  <testcase classname="com.qa.opencart.tests.loginPageTest" name="loginPageNavigationTest" time="20.698"/>
  <testcase classname="com.qa.opencart.tests.loginPageTest" name="LoginPageTitleTest" time="2.092"/>
  <testcase classname="com.qa.opencart.tests.loginPageTest" name="AccountLoginTest" time="6.526"/>
</testsuite> <!-- Open Cart Login Page Test -->
