<?xml version="1.0" encoding="UTF-8"?>
<testng-results ignored="0" total="6" passed="5" failed="1" skipped="0">
  <reporter-output>
  </reporter-output>
  <suite started-at="2024-04-23T10:38:58 IST" name="Open Cart Test Regression PW Suite" finished-at="2024-04-23T10:40:10 IST" duration-ms="71669">
    <groups>
    </groups>
    <test started-at="2024-04-23T10:38:58 IST" name="Open Cart Home Page Test" finished-at="2024-04-23T10:40:10 IST" duration-ms="71431">
      <class name="com.qa.opencart.tests.HomePageTest">
        <test-method is-config="true" signature="setup()[pri:0, instance:com.qa.opencart.tests.HomePageTest@5b367418]" started-at="2024-04-23T10:38:58 IST" name="setup" finished-at="2024-04-23T10:39:11 IST" duration-ms="12997" status="PASS">
          <reporter-output>
          </reporter-output>
        </test-method> <!-- setup -->
        <test-method signature="homePageTitleTest()[pri:0, instance:com.qa.opencart.tests.HomePageTest@5b367418]" started-at="2024-04-23T10:39:11 IST" name="homePageTitleTest" finished-at="2024-04-23T10:39:41 IST" duration-ms="30067" status="FAIL">
          <exception class="com.microsoft.playwright.TimeoutError">
            <message>
              <![CDATA[Error {
  message='Timeout 30000ms exceeded.
  name='TimeoutError
  stack='TimeoutError: Timeout 30000ms exceeded.
    at ProgressController.run (C:\Users\saihr\AppData\Local\Temp\playwright-java-14624427065205129128\package\lib\server\progress.js:87:26)
    at Page.screenshot (C:\Users\saihr\AppData\Local\Temp\playwright-java-14624427065205129128\package\lib\server\page.js:432:23)
    at PageDispatcher.screenshot (C:\Users\saihr\AppData\Local\Temp\playwright-java-14624427065205129128\package\lib\server\dispatchers\pageDispatcher.js:197:32)
    at PageDispatcher._handleCommand (C:\Users\saihr\AppData\Local\Temp\playwright-java-14624427065205129128\package\lib\server\dispatchers\dispatcher.js:94:40)
    at DispatcherConnection.dispatch (C:\Users\saihr\AppData\Local\Temp\playwright-java-14624427065205129128\package\lib\server\dispatchers\dispatcher.js:362:39)
}
Call log:
- taking page screenshot
- waiting for fonts to load...
- fonts loaded
]]>
            </message>
            <full-stacktrace>
              <![CDATA[com.microsoft.playwright.TimeoutError: Error {
  message='Timeout 30000ms exceeded.
  name='TimeoutError
  stack='TimeoutError: Timeout 30000ms exceeded.
    at ProgressController.run (C:\Users\saihr\AppData\Local\Temp\playwright-java-14624427065205129128\package\lib\server\progress.js:87:26)
    at Page.screenshot (C:\Users\saihr\AppData\Local\Temp\playwright-java-14624427065205129128\package\lib\server\page.js:432:23)
    at PageDispatcher.screenshot (C:\Users\saihr\AppData\Local\Temp\playwright-java-14624427065205129128\package\lib\server\dispatchers\pageDispatcher.js:197:32)
    at PageDispatcher._handleCommand (C:\Users\saihr\AppData\Local\Temp\playwright-java-14624427065205129128\package\lib\server\dispatchers\dispatcher.js:94:40)
    at DispatcherConnection.dispatch (C:\Users\saihr\AppData\Local\Temp\playwright-java-14624427065205129128\package\lib\server\dispatchers\dispatcher.js:362:39)
}
Call log:
- taking page screenshot
- waiting for fonts to load...
- fonts loaded

at com.microsoft.playwright.impl.WaitableResult.get(WaitableResult.java:52)
at com.microsoft.playwright.impl.ChannelOwner.runUntil(ChannelOwner.java:120)
at com.microsoft.playwright.impl.Connection.sendMessage(Connection.java:129)
at com.microsoft.playwright.impl.ChannelOwner.sendMessage(ChannelOwner.java:106)
at com.microsoft.playwright.impl.PageImpl.screenshotImpl(PageImpl.java:1094)
at com.microsoft.playwright.impl.PageImpl.lambda$screenshot$65(PageImpl.java:1038)
at com.microsoft.playwright.impl.LoggingSupport.withLogging(LoggingSupport.java:47)
at com.microsoft.playwright.impl.ChannelOwner.withLogging(ChannelOwner.java:89)
at com.microsoft.playwright.impl.PageImpl.screenshot(PageImpl.java:1038)
at com.qa.opencart.factory.PlaywrightFactory.takeScreenshot(PlaywrightFactory.java:85)
at com.qa.opencart.listeners.ExtentReportListener.onTestSuccess(ExtentReportListener.java:97)
at org.testng.internal.TestListenerHelper.runTestListeners(TestListenerHelper.java:100)
at org.testng.internal.TestInvoker.runTestResultListener(TestInvoker.java:219)
at org.testng.internal.TestInvoker.invokeMethod(TestInvoker.java:656)
at org.testng.internal.TestInvoker.invokeTestMethod(TestInvoker.java:173)
at org.testng.internal.MethodRunner.runInSequence(MethodRunner.java:46)
at org.testng.internal.TestInvoker$MethodInvocationAgent.invoke(TestInvoker.java:824)
at org.testng.internal.TestInvoker.invokeTestMethods(TestInvoker.java:146)
at org.testng.internal.TestMethodWorker.invokeTestMethods(TestMethodWorker.java:146)
at org.testng.internal.TestMethodWorker.run(TestMethodWorker.java:128)
at java.base/java.util.ArrayList.forEach(ArrayList.java:1511)
at org.testng.TestRunner.privateRun(TestRunner.java:794)
at org.testng.TestRunner.run(TestRunner.java:596)
at org.testng.SuiteRunner.runTest(SuiteRunner.java:377)
at org.testng.SuiteRunner.access$000(SuiteRunner.java:28)
at org.testng.SuiteRunner$SuiteWorker.run(SuiteRunner.java:418)
at org.testng.internal.thread.ThreadUtil.lambda$execute$0(ThreadUtil.java:64)
at java.base/java.util.concurrent.FutureTask.run(FutureTask.java:264)
at java.base/java.util.concurrent.ThreadPoolExecutor.runWorker(ThreadPoolExecutor.java:1136)
at java.base/java.util.concurrent.ThreadPoolExecutor$Worker.run(ThreadPoolExecutor.java:635)
at java.base/java.lang.Thread.run(Thread.java:840)
Caused by: com.microsoft.playwright.TimeoutError: Error {
  message='Timeout 30000ms exceeded.
  name='TimeoutError
  stack='TimeoutError: Timeout 30000ms exceeded.
    at ProgressController.run (C:\Users\saihr\AppData\Local\Temp\playwright-java-14624427065205129128\package\lib\server\progress.js:87:26)
    at Page.screenshot (C:\Users\saihr\AppData\Local\Temp\playwright-java-14624427065205129128\package\lib\server\page.js:432:23)
    at PageDispatcher.screenshot (C:\Users\saihr\AppData\Local\Temp\playwright-java-14624427065205129128\package\lib\server\dispatchers\pageDispatcher.js:197:32)
    at PageDispatcher._handleCommand (C:\Users\saihr\AppData\Local\Temp\playwright-java-14624427065205129128\package\lib\server\dispatchers\dispatcher.js:94:40)
    at DispatcherConnection.dispatch (C:\Users\saihr\AppData\Local\Temp\playwright-java-14624427065205129128\package\lib\server\dispatchers\dispatcher.js:362:39)
}
Call log:
- taking page screenshot
- waiting for fonts to load...
- fonts loaded

at com.microsoft.playwright.impl.Connection.dispatch(Connection.java:254)
at com.microsoft.playwright.impl.Connection.processOneMessage(Connection.java:209)
at com.microsoft.playwright.impl.ChannelOwner.runUntil(ChannelOwner.java:118)
... 29 more
]]>
            </full-stacktrace>
          </exception> <!-- com.microsoft.playwright.TimeoutError -->
          <reporter-output>
          </reporter-output>
        </test-method> <!-- homePageTitleTest -->
        <test-method signature="pageUrlTest()[pri:0, instance:com.qa.opencart.tests.HomePageTest@5b367418]" started-at="2024-04-23T10:40:00 IST" name="pageUrlTest" finished-at="2024-04-23T10:40:00 IST" duration-ms="5" status="PASS">
          <reporter-output>
          </reporter-output>
        </test-method> <!-- pageUrlTest -->
        <test-method signature="searchTest()[pri:0, instance:com.qa.opencart.tests.HomePageTest@5b367418]" started-at="2024-04-23T10:40:00 IST" name="searchTest" finished-at="2024-04-23T10:40:05 IST" duration-ms="4826" status="PASS">
          <reporter-output>
          </reporter-output>
        </test-method> <!-- searchTest -->
        <test-method is-config="true" signature="teardown()[pri:0, instance:com.qa.opencart.tests.HomePageTest@5b367418]" started-at="2024-04-23T10:40:10 IST" name="teardown" finished-at="2024-04-23T10:40:10 IST" duration-ms="80" status="PASS">
          <reporter-output>
          </reporter-output>
        </test-method> <!-- teardown -->
      </class> <!-- com.qa.opencart.tests.HomePageTest -->
    </test> <!-- Open Cart Home Page Test -->
    <test started-at="2024-04-23T10:38:58 IST" name="Open Cart Login Page Test" finished-at="2024-04-23T10:40:10 IST" duration-ms="71669">
      <class name="com.qa.opencart.tests.loginPageTest">
        <test-method is-config="true" signature="setup()[pri:0, instance:com.qa.opencart.tests.loginPageTest@6cce16f4]" started-at="2024-04-23T10:38:58 IST" name="setup" finished-at="2024-04-23T10:39:11 IST" duration-ms="13006" status="PASS">
          <reporter-output>
          </reporter-output>
        </test-method> <!-- setup -->
        <test-method signature="loginPageNavigationTest()[pri:1, instance:com.qa.opencart.tests.loginPageTest@6cce16f4]" started-at="2024-04-23T10:39:11 IST" name="loginPageNavigationTest" finished-at="2024-04-23T10:39:32 IST" duration-ms="20698" status="PASS">
          <reporter-output>
          </reporter-output>
        </test-method> <!-- loginPageNavigationTest -->
        <test-method signature="LoginPageTitleTest()[pri:2, instance:com.qa.opencart.tests.loginPageTest@6cce16f4]" started-at="2024-04-23T10:39:58 IST" name="LoginPageTitleTest" finished-at="2024-04-23T10:40:00 IST" duration-ms="2092" status="PASS">
          <reporter-output>
          </reporter-output>
        </test-method> <!-- LoginPageTitleTest -->
        <test-method signature="AccountLoginTest()[pri:3, instance:com.qa.opencart.tests.loginPageTest@6cce16f4]" started-at="2024-04-23T10:40:01 IST" name="AccountLoginTest" finished-at="2024-04-23T10:40:08 IST" duration-ms="6526" status="PASS">
          <reporter-output>
          </reporter-output>
        </test-method> <!-- AccountLoginTest -->
        <test-method is-config="true" signature="teardown()[pri:0, instance:com.qa.opencart.tests.loginPageTest@6cce16f4]" started-at="2024-04-23T10:40:10 IST" name="teardown" finished-at="2024-04-23T10:40:10 IST" duration-ms="76" status="PASS">
          <reporter-output>
          </reporter-output>
        </test-method> <!-- teardown -->
      </class> <!-- com.qa.opencart.tests.loginPageTest -->
    </test> <!-- Open Cart Login Page Test -->
  </suite> <!-- Open Cart Test Regression PW Suite -->
</testng-results>
